app/build/intermediates/manifest_merge_blame_file/debug/manifest-merger-blame-debug-report.txt
1<?xml version="1.0" encoding="utf-8"?>
2<manifest xmlns:android="http://schemas.android.com/apk/res/android"
3    package="com.coviam.quizapp"
4    android:versionCode="1"
5    android:versionName="1.0" >
6
7    <uses-sdk
8        android:minSdkVersion="15"
8-->src/main/AndroidManifest.xml
9        android:targetSdkVersion="29" />
9-->src/main/AndroidManifest.xml
10
11    <application
11-->src/main/AndroidManifest.xml:5:5-24:19
12        android:allowBackup="true"
12-->src/main/AndroidManifest.xml:6:9-35
13        android:appComponentFactory="androidx.core.app.CoreComponentFactory"
13-->[androidx.core:core:1.1.0] AndroidManifest.xml:24:18-86
14        android:debuggable="true"
15        android:icon="@mipmap/ic_launcher"
15-->src/main/AndroidManifest.xml:7:9-43
16        android:label="@string/app_name"
16-->src/main/AndroidManifest.xml:8:9-41
17        android:roundIcon="@mipmap/ic_launcher_round"
17-->src/main/AndroidManifest.xml:9:9-54
18        android:supportsRtl="true"
18-->src/main/AndroidManifest.xml:10:9-35
19        android:theme="@style/AppTheme" >
19-->src/main/AndroidManifest.xml:11:9-40
20        <activity android:name="com.coviam.quizapp.activity.ProfileActivity" />
20-->src/main/AndroidManifest.xml:12:9-71
20-->src/main/AndroidManifest.xml:12:19-59
21        <activity android:name="com.coviam.quizapp.activity.LeaderboardActivity" />
21-->src/main/AndroidManifest.xml:13:9-66
21-->src/main/AndroidManifest.xml:13:19-63
22        <activity android:name="com.coviam.quizapp.activity.SubscribedActivity" />
22-->src/main/AndroidManifest.xml:14:9-65
22-->src/main/AndroidManifest.xml:14:19-62
23        <activity android:name="com.coviam.quizapp.activity.ContestActivity" />
23-->src/main/AndroidManifest.xml:15:9-62
23-->src/main/AndroidManifest.xml:15:19-59
24        <activity android:name="com.coviam.quizapp.activity.SplashScreen" />
24-->src/main/AndroidManifest.xml:16:9-59
24-->src/main/AndroidManifest.xml:16:19-56
25        <activity android:name="com.coviam.quizapp.activity.MainActivity" >
25-->src/main/AndroidManifest.xml:17:9-23:20
25-->src/main/AndroidManifest.xml:17:19-56
26            <intent-filter>
26-->src/main/AndroidManifest.xml:18:13-22:29
27                <action android:name="android.intent.action.MAIN" />
27-->src/main/AndroidManifest.xml:19:17-69
27-->src/main/AndroidManifest.xml:19:25-66
28
29                <category android:name="android.intent.category.LAUNCHER" />
29-->src/main/AndroidManifest.xml:21:17-77
29-->src/main/AndroidManifest.xml:21:27-74
30            </intent-filter>
31        </activity>
32        <activity
32-->[com.google.android.gms:play-services-auth:17.0.0] AndroidManifest.xml:23:9-27:75
33            android:name="com.google.android.gms.auth.api.signin.internal.SignInHubActivity"
33-->[com.google.android.gms:play-services-auth:17.0.0] AndroidManifest.xml:24:13-93
34            android:excludeFromRecents="true"
34-->[com.google.android.gms:play-services-auth:17.0.0] AndroidManifest.xml:25:13-46
35            android:exported="false"
35-->[com.google.android.gms:play-services-auth:17.0.0] AndroidManifest.xml:26:13-37
36            android:theme="@android:style/Theme.Translucent.NoTitleBar" />
36-->[com.google.android.gms:play-services-auth:17.0.0] AndroidManifest.xml:27:13-72
37        <!--
38            Service handling Google Sign-In user revocation. For apps that do not integrate with
39            Google Sign-In, this service will never be started.
40        -->
41        <service
41-->[com.google.android.gms:play-services-auth:17.0.0] AndroidManifest.xml:33:9-36:110
42            android:name="com.google.android.gms.auth.api.signin.RevocationBoundService"
42-->[com.google.android.gms:play-services-auth:17.0.0] AndroidManifest.xml:34:13-89
43            android:exported="true"
43-->[com.google.android.gms:play-services-auth:17.0.0] AndroidManifest.xml:35:13-36
44            android:permission="com.google.android.gms.auth.api.signin.permission.REVOCATION_NOTIFICATION" />
44-->[com.google.android.gms:play-services-auth:17.0.0] AndroidManifest.xml:36:13-107
45
46        <activity
46-->[com.google.android.gms:play-services-base:17.0.0] AndroidManifest.xml:23:9-26:75
47            android:name="com.google.android.gms.common.api.GoogleApiActivity"
47-->[com.google.android.gms:play-services-base:17.0.0] AndroidManifest.xml:24:13-79
48            android:exported="false"
48-->[com.google.android.gms:play-services-base:17.0.0] AndroidManifest.xml:25:13-37
49            android:theme="@android:style/Theme.Translucent.NoTitleBar" />
49-->[com.google.android.gms:play-services-base:17.0.0] AndroidManifest.xml:26:13-72
50
51        <meta-data
51-->[com.google.android.gms:play-services-basement:17.0.0] AndroidManifest.xml:23:9-25:69
52            android:name="com.google.android.gms.version"
52-->[com.google.android.gms:play-services-basement:17.0.0] AndroidManifest.xml:24:13-58
53            android:value="@integer/google_play_services_version" />
53-->[com.google.android.gms:play-services-basement:17.0.0] AndroidManifest.xml:25:13-66
54    </application>
55
56</manifest>